Build started 21.01.2016 3:06:15.
     1>Project "D:\Program Files\ITMO\Basics of programming\lab3\lab3\lab3.vcxproj" on node 2 (Build target(s)).
     1>ClCompile:
         D:\Program Files\VisualStudioEnterprise2015\VC\bin\CL.exe /c /Zi /nologo /W3 /WX- /O2 /Oi /Oy- /GL /D WIN32 /D NDEBUG /D _CONSOLE /D _UNICODE /D UNICODE /Gm- /EHsc /MD /GS /Gy /fp:precise /Zc:wchar_t /Zc:forScope /Zc:inline /Fo"Release\\" /Fd"Release\vc140.pdb" /Gd /TC /analyze- /errorReport:prompt lab3main.c
         lab3main.c
     1>lab3main.c(513): warning C4996: 'fopen': This function or variable may be unsafe. Consider using fopen_s instead. To disable deprecation, use _CRT_SECURE_NO_WARNINGS. See online help for details.
         C:\Program Files (x86)\Windows Kits\10\Include\10.0.10150.0\ucrt\stdio.h(205): note: see declaration of 'fopen'
     1>lab3main.c(521): warning C4996: 'scanf': This function or variable may be unsafe. Consider using scanf_s instead. To disable deprecation, use _CRT_SECURE_NO_WARNINGS. See online help for details.
         C:\Program Files (x86)\Windows Kits\10\Include\10.0.10150.0\ucrt\stdio.h(1270): note: see declaration of 'scanf'
       Link:
         D:\Program Files\VisualStudioEnterprise2015\VC\bin\link.exe /ERRORREPORT:PROMPT /OUT:"D:\Program Files\ITMO\Basics of programming\lab3\Release\lab3.exe" /INCREMENTAL:NO /NOLOGO kernel32.lib user32.lib gdi32.lib winspool.lib comdlg32.lib advapi32.lib shell32.lib ole32.lib oleaut32.lib uuid.lib odbc32.lib odbccp32.lib /MANIFEST /MANIFESTUAC:"level='asInvoker' uiAccess='false'" /manifest:embed /Debug /PDB:"D:\Program Files\ITMO\Basics of programming\lab3\Release\lab3.pdb" /SUBSYSTEM:CONSOLE /OPT:REF /OPT:ICF /LTCG:incremental /TLBID:1 /DYNAMICBASE /NXCOMPAT /IMPLIB:"D:\Program Files\ITMO\Basics of programming\lab3\Release\lab3.lib" /MACHINE:X86 /SAFESEH Release\lab3main.obj
         Generating code
         3 of 7 functions (42.9%) were compiled, the rest were copied from previous compilation.
           0 functions were new in current compilation
           0 functions had inline decision re-evaluated but remain unchanged
         Finished generating code
         lab3.vcxproj -> D:\Program Files\ITMO\Basics of programming\lab3\Release\lab3.exe
     1>Done Building Project "D:\Program Files\ITMO\Basics of programming\lab3\lab3\lab3.vcxproj" (Build target(s)).

Build succeeded.

Time Elapsed 00:00:00.76
