Build started 12.12.2015 16:33:10.
     1>Project "D:\Program Files\ИТМО\Основы программирования\lab2\lab2\lab2.vcxproj" on node 2 (Build target(s)).
     1>ClCompile:
         D:\Program Files\VisualStudioEnterprise2015\VC\bin\CL.exe /c /Zi /nologo /W3 /WX- /O2 /Oi /Oy- /GL /D WIN32 /D NDEBUG /D _CONSOLE /D _UNICODE /D UNICODE /Gm- /EHsc /MD /GS /Gy /fp:precise /Zc:wchar_t /Zc:forScope /Zc:inline /Fo"Release\\" /Fd"Release\vc140.pdb" /Gd /TC /analyze- /errorReport:prompt MainLab2.c
         MainLab2.c
     1>MainLab2.c(32): warning C4133: 'function': incompatible types - from 'short *' to 'int *'
     1>MainLab2.c(34): warning C4133: 'function': incompatible types - from 'short *' to 'int *'
     1>MainLab2.c(34): warning C4020: 'menuNumberSwitch': too many actual parameters
     1>MainLab2.c(50): warning C4996: 'scanf': This function or variable may be unsafe. Consider using scanf_s instead. To disable deprecation, use _CRT_SECURE_NO_WARNINGS. See online help for details.
         C:\Program Files (x86)\Windows Kits\10\Include\10.0.10150.0\ucrt\stdio.h(1270): note: see declaration of 'scanf'
     1>MainLab2.c(68): warning C4013: 'exit' undefined; assuming extern returning int
     1>MainLab2.c(90): warning C4133: 'function': incompatible types - from 'double *' to 'int *'
     1>MainLab2.c(96): warning C4133: 'function': incompatible types - from 'double *' to 'int *'
     1>MainLab2.c(102): warning C4133: 'function': incompatible types - from 'double *' to 'int *'
     1>MainLab2.c(108): warning C4133: 'function': incompatible types - from 'double *' to 'int *'
     1>MainLab2.c(129): warning C4477: 'scanf' : format string '%16lf' requires an argument of type 'double *', but variadic argument 1 has type 'int *'
     1>MainLab2.c(129): warning C4996: 'scanf': This function or variable may be unsafe. Consider using scanf_s instead. To disable deprecation, use _CRT_SECURE_NO_WARNINGS. See online help for details.
         C:\Program Files (x86)\Windows Kits\10\Include\10.0.10150.0\ucrt\stdio.h(1270): note: see declaration of 'scanf'
     1>MainLab2.c(155): warning C4244: 'initializing': conversion from 'double' to 'short', possible loss of data
       Link:
         D:\Program Files\VisualStudioEnterprise2015\VC\bin\link.exe /ERRORREPORT:PROMPT /OUT:"D:\Program Files\ИТМО\Основы программирования\lab2\Release\lab2.exe" /INCREMENTAL:NO /NOLOGO kernel32.lib user32.lib gdi32.lib winspool.lib comdlg32.lib advapi32.lib shell32.lib ole32.lib oleaut32.lib uuid.lib odbc32.lib odbccp32.lib /MANIFEST /MANIFESTUAC:"level='asInvoker' uiAccess='false'" /manifest:embed /Debug /PDB:"D:\Program Files\ИТМО\Основы программирования\lab2\Release\lab2.pdb" /SUBSYSTEM:CONSOLE /OPT:REF /OPT:ICF /LTCG:incremental /TLBID:1 /DYNAMICBASE /NXCOMPAT /IMPLIB:"D:\Program Files\ИТМО\Основы программирования\lab2\Release\lab2.lib" /MACHINE:X86 /SAFESEH Release\MainLab2.obj
         Generating code
         1 of 17 functions ( 5.9%) were compiled, the rest were copied from previous compilation.
           0 functions were new in current compilation
           0 functions had inline decision re-evaluated but remain unchanged
         Finished generating code
         lab2.vcxproj -> D:\Program Files\ИТМО\Основы программирования\lab2\Release\lab2.exe
     1>Done Building Project "D:\Program Files\ИТМО\Основы программирования\lab2\lab2\lab2.vcxproj" (Build target(s)).

Build succeeded.

Time Elapsed 00:00:00.93
