Build started 22.01.2016 3:10:10.
     1>Project "D:\Program Files\ITMO\Basics of programming\lab4\lab4\lab4\lab4.vcxproj" on node 2 (Build target(s)).
     1>ClCompile:
         D:\Program Files\VisualStudioEnterprise2015\VC\bin\CL.exe /c /Zi /nologo /W3 /WX- /O2 /Oi /Oy- /GL /D WIN32 /D NDEBUG /D _CONSOLE /D _UNICODE /D UNICODE /Gm- /EHsc /MD /GS /Gy /fp:precise /Zc:wchar_t /Zc:forScope /Zc:inline /Fo"Release\\" /Fd"Release\vc140.pdb" /Gd /TP /analyze- /errorReport:prompt lab4_main.cpp
         lab4_main.cpp
     1>lab4_main.cpp(40): warning C4996: 'fopen': This function or variable may be unsafe. Consider using fopen_s instead. To disable deprecation, use _CRT_SECURE_NO_WARNINGS. See online help for details.
         C:\Program Files (x86)\Windows Kits\10\Include\10.0.10150.0\ucrt\stdio.h(205): note: see declaration of 'fopen'
     1>lab4_main.cpp(48): warning C4996: 'scanf': This function or variable may be unsafe. Consider using scanf_s instead. To disable deprecation, use _CRT_SECURE_NO_WARNINGS. See online help for details.
         C:\Program Files (x86)\Windows Kits\10\Include\10.0.10150.0\ucrt\stdio.h(1270): note: see declaration of 'scanf'
       Link:
         D:\Program Files\VisualStudioEnterprise2015\VC\bin\link.exe /ERRORREPORT:PROMPT /OUT:"D:\Program Files\ITMO\Basics of programming\lab4\lab4\Release\lab4.exe" /INCREMENTAL:NO /NOLOGO kernel32.lib user32.lib gdi32.lib winspool.lib comdlg32.lib advapi32.lib shell32.lib ole32.lib oleaut32.lib uuid.lib odbc32.lib odbccp32.lib /MANIFEST /MANIFESTUAC:"level='asInvoker' uiAccess='false'" /manifest:embed /Debug /PDB:"D:\Program Files\ITMO\Basics of programming\lab4\lab4\Release\lab4.pdb" /SUBSYSTEM:CONSOLE /OPT:REF /OPT:ICF /LTCG:incremental /TLBID:1 /DYNAMICBASE /NXCOMPAT /IMPLIB:"D:\Program Files\ITMO\Basics of programming\lab4\lab4\Release\lab4.lib" /MACHINE:X86 /SAFESEH Release\lab4_main.obj
         Generating code
         0 of 8 functions ( 0.0%) were compiled, the rest were copied from previous compilation.
           0 functions were new in current compilation
           0 functions had inline decision re-evaluated but remain unchanged
         Finished generating code
         lab4.vcxproj -> D:\Program Files\ITMO\Basics of programming\lab4\lab4\Release\lab4.exe
     1>Done Building Project "D:\Program Files\ITMO\Basics of programming\lab4\lab4\lab4\lab4.vcxproj" (Build target(s)).

Build succeeded.

Time Elapsed 00:00:02.00
